Arguments: 
  C:\Program Files\nodejs\node.exe C:\Users\onlya\AppData\Roaming\npm\node_modules\yarn\bin\yarn.js init

PATH: 
  C:\Program Files\Git\mingw64\bin;C:\Program Files\Git\usr\bin;C:\Users\onlya\bin;C:\Python39\Scripts;C:\Python39;C:\Program Files (x86)\Common Files\Oracle\Java\javapath;C:\ProgramData\Oracle\Java\javapath;C:\Windows\System32;C:\Windows;C:\Windows\System32\wbem;C:\Windows\System32\WindowsPowerShell\v1.0;C:\Windows\System32\OpenSSH;C:\Program Files\Intel\WiFi\bin;C:\Program Files\Common Files\Intel\WirelessCommon;C:\MinGW\bin;C:\Program Files\dotnet;C:\Program Files\Git\cmd;C:\Program Files\Microsoft SQL Server\130\Tools\Binn;C:\Program Files (x86)\Windows Live\Shared;C:\ProgramData\chocolatey\bin;C:\Program Files\nodejs;C:\Program Files\CMake\bin;C:\Users\onlya\.cargo\bin;C:\Users\onlya\AppData\Local\Microsoft\WindowsApps;C:\Program Files\heroku\bin;C:\Users\onlya\AppData\Local\Programs\Microsoft VS Code\bin;C:\Users\onlya\AppData\Local\atom\bin;C:\Users\onlya\.dotnet\tools;C:\Users\onlya\AppData\Local\Microsoft\WindowsApps;C:\Users\onlya\AppData\Roaming\npm;C:\Program Files\IPFS Desktop\resources\app.asar.unpacked\src\ipfs-on-path\scripts\bin-win

Yarn version: 
  1.22.10

Node version: 
  14.15.3

Platform: 
  win32 x64

Trace: 
  Error: canceled
      at Interface.<anonymous> (C:\Users\onlya\AppData\Roaming\npm\node_modules\yarn\lib\cli.js:136216:13)
      at Interface.emit (events.js:315:20)
      at Interface._ttyWrite (readline.js:875:16)
      at ReadStream.onkeypress (readline.js:213:10)
      at ReadStream.emit (events.js:315:20)
      at emitKeys (internal/readline/utils.js:345:14)
      at emitKeys.next (<anonymous>)
      at ReadStream.onData (readline.js:1144:36)
      at ReadStream.emit (events.js:315:20)
      at addChunk (internal/streams/readable.js:309:12)

npm manifest: 
  No manifest

yarn manifest: 
  No manifest

Lockfile: 
  No lockfile
